<?xml version="1.0" encoding="UTF-8"?>
<!-- Generated by org.testng.reporters.JUnitReportReporter -->
<testsuite hostname="WOLF_PC" failures="0" tests="1" name="com.learnautomation.testcases.TestCaseWithoutFramework" time="3.043" errors="0" timestamp="2022-05-11T16:53:22 EDT" skipped="0">
  <testcase classname="com.learnautomation.testcases.TestCaseWithoutFramework" name="test1" time="3.043"/>
  <system-out/>
</testsuite> <!-- com.learnautomation.testcases.TestCaseWithoutFramework -->
