<?xml version="1.0" encoding="UTF-8"?>
<!-- Generated by org.testng.reporters.JUnitReportReporter -->
<testsuite hostname="WOLF_PC" failures="0" tests="1" name="com.learnautomation.testcases.LoginTestCRM" time="2.221" errors="0" timestamp="2022-05-06T16:41:01 EDT" skipped="0">
  <testcase classname="com.learnautomation.testcases.LoginTestCRM" name="loginApp" time="2.221"/>
  <system-out/>
</testsuite> <!-- com.learnautomation.testcases.LoginTestCRM -->
