<?xml version="1.0" encoding="UTF-8"?>
<!-- Generated by org.testng.reporters.JUnitReportReporter -->
<testsuite hostname="WOLF_PC" failures="0" tests="2" name="com.learnautomation.testcases.LoginTestFB" time="5.271" errors="0" timestamp="2022-05-13T17:17:05 EDT" skipped="0">
  <testcase classname="com.learnautomation.testcases.LoginTestFB" name="loginApp" time="2.700"/>
  <system-out/>
  <testcase classname="com.learnautomation.testcases.LoginTestFB" name="loginApp1" time="2.571"/>
  <system-out/>
</testsuite> <!-- com.learnautomation.testcases.LoginTestFB -->
